<?xml version="1.0" encoding="UTF-8"?>
<testng-results ignored="0" total="2" passed="2" failed="0" skipped="0">
  <reporter-output>
  </reporter-output>
  <suite started-at="2022-01-28T16:37:01 IST" name="Suite" finished-at="2022-01-28T16:37:07 IST" duration-ms="6764">
    <groups>
    </groups>
    <test started-at="2022-01-28T16:37:01 IST" name="Test" finished-at="2022-01-28T16:37:07 IST" duration-ms="6764">
      <class name="home.ITestContextTest_GetBookingDetails">
        <test-method signature="getBookingDetails(org.testng.ITestContext)[pri:0, instance:home.ITestContextTest_GetBookingDetails@47d90b9e]" started-at="2022-01-28T16:37:06 IST" name="getBookingDetails" finished-at="2022-01-28T16:37:07 IST" duration-ms="1776" status="PASS">
          <params>
            <param index="0">
              <value>
                <![CDATA[org.testng.TestRunner@59474f18]]>
              </value>
            </param>
          </params>
          <reporter-output>
          </reporter-output>
        </test-method> <!-- getBookingDetails -->
      </class> <!-- home.ITestContextTest_GetBookingDetails -->
      <class name="home.ITestContextTest_CreateBooking">
        <test-method signature="createBooking(org.testng.ITestContext)[pri:0, instance:home.ITestContextTest_CreateBooking@3967e60c]" started-at="2022-01-28T16:37:01 IST" name="createBooking" finished-at="2022-01-28T16:37:06 IST" duration-ms="4923" status="PASS">
          <params>
            <param index="0">
              <value>
                <![CDATA[org.testng.TestRunner@59474f18]]>
              </value>
            </param>
          </params>
          <reporter-output>
          </reporter-output>
        </test-method> <!-- createBooking -->
      </class> <!-- home.ITestContextTest_CreateBooking -->
    </test> <!-- Test -->
  </suite> <!-- Suite -->
</testng-results>
